irun(64): 14.20-s035: (c) Copyright 1995-2017 Cadence Design Systems, Inc.
TOOL:	irun(64)	14.20-s035: Started on Jul 05, 2017 at 16:41:07 -03
irun
	-uvm
	-access +r
	top.sv
	+UVM_VERBOSITY=LOW

   User defined plus("+") options:
	+UVM_VERBOSITY=LOW

file: top.sv
            begin_tr(req, "driver");
                   |
ncvlog: *W,FUNTSK (./driver.sv,65|19): function called as a task without void'().
            begin_tr(tr, "monitor");
                   |
ncvlog: *W,FUNTSK (./monitor.sv,50|19): function called as a task without void'().
            begin_tr(tr, "monitor_out");
                   |
ncvlog: *W,FUNTSK (./monitor_out.sv,49|19): function called as a task without void'().
	Total errors/warnings found outside modules and primitives:
		errors: 0, warnings: 3
		Caching library 'worklib' ....... Done
	Elaborating the design hierarchy:
	Top level design units:
		uvm_pkg
		cdns_uvmapi
		cdns_assert2uvm_pkg
		cdns_uvm_pkg
		$unit_0x64683678
		top
            end while (vif.ready === 0);
                               |
ncelab: *E,CUVUNF (./monitor_out.sv,35|31): Hierarchical name component lookup failed at 'ready'.
irun: *E,ELBERR: Error during elaboration (status 1), exiting.
TOOL:	irun(64)	14.20-s035: Exiting on Jul 05, 2017 at 16:41:25 -03  (total: 00:00:18)
